Added Component: Designator=C1(C0805)
Added Component: Designator=C2(C0805)
Added Component: Designator=C3(C0805)
Added Component: Designator=C4(C0805)
Added Component: Designator=C5(C0805)
Added Component: Designator=C6(C0805)
Added Component: Designator=C7(C0805)
Added Component: Designator=C8(C0805)
Added Component: Designator=C9(C0805)
Added Component: Designator=C10(C0805)
Added Component: Designator=C11(C0805)
Added Component: Designator=C12(C0805)
Added Component: Designator=C13(C0805)
Added Component: Designator=C14(C0805)
Added Component: Designator=C15(C0805)
Added Component: Designator=C16(C0805)
Added Component: Designator=C17(C0805)
Added Component: Designator=D1(DO-35)
Added Component: Designator=E1(PIN1)
Added Component: Designator=Ind1(Ind_3mm)
Added Component: Designator=Ind2(Ind_3mm)
Added Component: Designator=P1(HDR1X2)
Added Component: Designator=P2(SMB_V-RJ45)
Added Component: Designator=R1(Potenciometro)
Added Component: Designator=R2(AXIAL-0.3)
Added Component: Designator=U1(TDA7000)
Added Pin To Net: NetName=GND Pin=C1-2
Added Pin To Net: NetName=GND Pin=C6-2
Added Pin To Net: NetName=GND Pin=P1-2
Added Pin To Net: NetName=GND Pin=P2-2
Added Pin To Net: NetName=GND Pin=P2-2
Added Pin To Net: NetName=GND Pin=P2-2
Added Pin To Net: NetName=GND Pin=P2-2
Added Pin To Net: NetName=GND Pin=R1-1
Added Pin To Net: NetName=GND Pin=U1-16
Added Net: Name=GND
Added Pin To Net: NetName=NetC2_2 Pin=C2-2
Added Pin To Net: NetName=NetC2_2 Pin=U1-1
Added Net: Name=NetC2_2
Added Pin To Net: NetName=NetC3_1 Pin=C3-1
Added Pin To Net: NetName=NetC3_1 Pin=U1-2
Added Net: Name=NetC3_1
Added Pin To Net: NetName=NetC4_1 Pin=C4-1
Added Pin To Net: NetName=NetC4_1 Pin=U1-3
Added Net: Name=NetC4_1
Added Pin To Net: NetName=NetC5_1 Pin=C5-1
Added Pin To Net: NetName=NetC5_1 Pin=U1-4
Added Net: Name=NetC5_1
Added Pin To Net: NetName=NetC7_2 Pin=C7-2
Added Pin To Net: NetName=NetC7_2 Pin=D1-1
Added Pin To Net: NetName=NetC7_2 Pin=R2-2
Added Net: Name=NetC7_2
Added Pin To Net: NetName=NetC8_1 Pin=C8-1
Added Pin To Net: NetName=NetC8_1 Pin=U1-7
Added Net: Name=NetC8_1
Added Pin To Net: NetName=NetC8_2 Pin=C8-2
Added Pin To Net: NetName=NetC8_2 Pin=U1-9
Added Net: Name=NetC8_2
Added Pin To Net: NetName=NetC9_1 Pin=C9-1
Added Pin To Net: NetName=NetC9_1 Pin=U1-8
Added Net: Name=NetC9_1
Added Pin To Net: NetName=NetC10_1 Pin=C10-1
Added Pin To Net: NetName=NetC10_1 Pin=C11-2
Added Pin To Net: NetName=NetC10_1 Pin=U1-11
Added Net: Name=NetC10_1
Added Pin To Net: NetName=NetC10_2 Pin=C10-2
Added Pin To Net: NetName=NetC10_2 Pin=U1-10
Added Net: Name=NetC10_2
Added Pin To Net: NetName=NetC11_1 Pin=C11-1
Added Pin To Net: NetName=NetC11_1 Pin=C12-1
Added Pin To Net: NetName=NetC11_1 Pin=C15-1
Added Pin To Net: NetName=NetC11_1 Pin=C16-1
Added Pin To Net: NetName=NetC11_1 Pin=C17-1
Added Net: Name=NetC11_1
Added Pin To Net: NetName=NetC12_2 Pin=C12-2
Added Pin To Net: NetName=NetC12_2 Pin=U1-12
Added Net: Name=NetC12_2
Added Pin To Net: NetName=NetC13_1 Pin=C13-1
Added Pin To Net: NetName=NetC13_1 Pin=C14-2
Added Pin To Net: NetName=NetC13_1 Pin=E1-1
Added Pin To Net: NetName=NetC13_1 Pin=P2-1
Added Net: Name=NetC13_1
Added Pin To Net: NetName=NetC13_2 Pin=C13-2
Added Pin To Net: NetName=NetC13_2 Pin=Ind2-1
Added Pin To Net: NetName=NetC13_2 Pin=U1-13
Added Net: Name=NetC13_2
Added Pin To Net: NetName=NetC14_1 Pin=C14-1
Added Pin To Net: NetName=NetC14_1 Pin=Ind2-2
Added Pin To Net: NetName=NetC14_1 Pin=U1-14
Added Net: Name=NetC14_1
Added Pin To Net: NetName=NetC15_2 Pin=C15-2
Added Pin To Net: NetName=NetC15_2 Pin=U1-15
Added Net: Name=NetC15_2
Added Pin To Net: NetName=NetC16_2 Pin=C16-2
Added Pin To Net: NetName=NetC16_2 Pin=U1-17
Added Net: Name=NetC16_2
Added Pin To Net: NetName=NetC17_2 Pin=C17-2
Added Pin To Net: NetName=NetC17_2 Pin=U1-18
Added Net: Name=NetC17_2
Added Pin To Net: NetName=NetD1_2 Pin=D1-2
Added Pin To Net: NetName=NetD1_2 Pin=Ind1-1
Added Pin To Net: NetName=NetD1_2 Pin=U1-6
Added Net: Name=NetD1_2
Added Pin To Net: NetName=NetR1_3 Pin=R1-3
Added Pin To Net: NetName=NetR1_3 Pin=R2-1
Added Net: Name=NetR1_3
Added Pin To Net: NetName=VCC Pin=C1-1
Added Pin To Net: NetName=VCC Pin=C2-1
Added Pin To Net: NetName=VCC Pin=C3-2
Added Pin To Net: NetName=VCC Pin=C5-2
Added Pin To Net: NetName=VCC Pin=C6-1
Added Pin To Net: NetName=VCC Pin=C7-1
Added Pin To Net: NetName=VCC Pin=C9-2
Added Pin To Net: NetName=VCC Pin=Ind1-2
Added Pin To Net: NetName=VCC Pin=P1-1
Added Pin To Net: NetName=VCC Pin=R1-2
Added Pin To Net: NetName=VCC Pin=U1-5
Added Net: Name=VCC
Added Class: Name=TDA7000
Added Room: Name=TDA7000
